#
# There is insufficient memory for the Java Runtime Environment to continue.
# Native memory allocation (mmap) failed to map 132120576 bytes for G1 virtual space
# Possible reasons:
#   The system is out of physical RAM or swap space
#   The process is running with CompressedOops enabled, and the Java Heap may be blocking the growth of the native heap
# Possible solutions:
#   Reduce memory load on the system
#   Increase physical memory or swap space
#   Check if swap backing store is full
#   Decrease Java heap size (-Xmx/-Xms)
#   Decrease number of Java threads
#   Decrease Java thread stack sizes (-Xss)
#   Set larger code cache with -XX:ReservedCodeCacheSize=
#   JVM is running with Unscaled Compressed Oops mode in which the Java heap is
#     placed in the first 4GB address space. The Java Heap base address is the
#     maximum limit for the native heap growth. Please use -XX:HeapBaseMinAddress
#     to set the Java Heap base and to place the Java Heap above 4GB virtual address.
# This output file may be truncated or incomplete.
#
#  Out of Memory Error (os_windows.cpp:3613), pid=2104, tid=10548
#
# JRE version:  (17.0.9+9) (build )
# Java VM: OpenJDK 64-Bit Server VM (17.0.9+9, mixed mode, sharing, tiered, compressed oops, compressed class ptrs, g1 gc, windows-amd64)
# No core dump will be written. Minidumps are not enabled by default on client versions of Windows
#

---------------  S U M M A R Y ------------

Command Line: -Dfile.encoding=UTF-8 -Dstdout.encoding=UTF-8 -Dstderr.encoding=UTF-8 --module-path=C:\Users\mabrchaouen\Desktop\S1-Salma-Log\JAVA\DirectChat\bin -XX:+ShowCodeDetailsInExceptionMessages -Djdk.module.main=DirectChat DirectChat/com.java.swing.Server

Host: Intel(R) Core(TM) i5-8365U CPU @ 1.60GHz, 8 cores, 7G,  Windows 10 , 64 bit Build 19041 (10.0.19041.3393)
Time: Sat Mar  9 22:28:06 2024 Paris, Madrid elapsed time: 0.021061 seconds (0d 0h 0m 0s)

---------------  T H R E A D  ---------------

Current thread (0x000002c0520a54e0):  JavaThread "Unknown thread" [_thread_in_vm, id=10548, stack(0x000000fff1000000,0x000000fff1100000)]

Stack: [0x000000fff1000000,0x000000fff1100000]
Native frames: (J=compiled Java code, j=interpreted, Vv=VM code, C=native code)
V  [jvm.dll+0x67cf49]
V  [jvm.dll+0x83478a]
V  [jvm.dll+0x83624e]
V  [jvm.dll+0x8368b3]
V  [jvm.dll+0x247f1f]
V  [jvm.dll+0x679d69]
V  [jvm.dll+0x66e6ba]
V  [jvm.dll+0x307e5b]
V  [jvm.dll+0x30f306]
V  [jvm.dll+0x35f0ce]
V  [jvm.dll+0x35f2ff]
V  [jvm.dll+0x2dea58]
V  [jvm.dll+0x2df9c4]
V  [jvm.dll+0x806031]
V  [jvm.dll+0x36cf31]
V  [jvm.dll+0x7e4aac]
V  [jvm.dll+0x3f07af]
V  [jvm.dll+0x3f23e1]
C  [jli.dll+0x528f]
C  [ucrtbase.dll+0x21bb2]
C  [KERNEL32.DLL+0x17344]
C  [ntdll.dll+0x526b1]


---------------  P R O C E S S  ---------------

Threads class SMR info:
_java_thread_list=0x00007ffb7889ee98, length=0, elements={
}

Java Threads: ( => current thread )

Other Threads:
  0x000002c0521010c0 GCTaskThread "GC Thread#0" [stack: 0x000000fff1100000,0x000000fff1200000] [id=14808]
  0x000002c0521121b0 ConcurrentGCThread "G1 Main Marker" [stack: 0x000000fff1200000,0x000000fff1300000] [id=23544]
  0x000002c052112bd0 ConcurrentGCThread "G1 Conc#0" [stack: 0x000000fff1300000,0x000000fff1400000] [id=8344]

[error occurred during error reporting (printing all threads), id 0xc0000005, EXCEPTION_ACCESS_VIOLATION (0xc0000005) at pc=0x00007ffb7805f497]

VM state: not at safepoint (not fully initialized)

VM Mutex/Monitor currently owned by a thread:  ([mutex/lock_event])
[0x000002c0520a1160] Heap_lock - owner thread: 0x000002c0520a54e0

Heap address: 0x0000000083000000, size: 2000 MB, Compressed Oops mode: 32-bit

CDS archive(s) mapped at: [0x0000000000000000-0x0000000000000000-0x0000000000000000), size 0, SharedBaseAddress: 0x0000000800000000, ArchiveRelocationMode: 1.
Narrow klass base: 0x0000000000000000, Narrow klass shift: 0, Narrow klass range: 0x0

GC Precious Log:
<Empty>

Heap:
 garbage-first heap   total 0K, used 0K [0x0000000083000000, 0x0000000100000000)
  region size 1024K, 0 young (0K), 0 survivors (0K)

[error occurred during error reporting (printing heap information), id 0xc0000005, EXCEPTION_ACCESS_VIOLATION (0xc0000005) at pc=0x00007ffb78446c79]

GC Heap History (0 events):
No events

Dll operation events (1 events):
Event: 0.009 Loaded shared library C:\Users\mabrchaouen\.p2\pool\plugins\org.eclipse.justj.openjdk.hotspot.jre.full.win32.x86_64_17.0.9.v20231028-0858\jre\bin\java.dll

Deoptimization events (0 events):
No events

Classes unloaded (0 events):
No events

Classes redefined (0 events):
No events

Internal exceptions (0 events):
No events

VM Operations (0 events):
No events

Events (0 events):
No events


Dynamic libraries:
0x00007ff69e530000 - 0x00007ff69e53e000 	C:\Users\mabrchaouen\.p2\pool\plugins\org.eclipse.justj.openjdk.hotspot.jre.full.win32.x86_64_17.0.9.v20231028-0858\jre\bin\javaw.exe
0x00007ffbe2c70000 - 0x00007ffbe2e68000 	C:\Windows\SYSTEM32\ntdll.dll
0x00007ffbe0e00000 - 0x00007ffbe0ebd000 	C:\Windows\System32\KERNEL32.DLL
0x00007ffbe0690000 - 0x00007ffbe0986000 	C:\Windows\System32\KERNELBASE.dll
0x00007ffbe0990000 - 0x00007ffbe0a90000 	C:\Windows\System32\ucrtbase.dll
0x00007ffbc6ce0000 - 0x00007ffbc6cfb000 	C:\Users\mabrchaouen\.p2\pool\plugins\org.eclipse.justj.openjdk.hotspot.jre.full.win32.x86_64_17.0.9.v20231028-0858\jre\bin\VCRUNTIME140.dll
0x00007ffbc6c60000 - 0x00007ffbc6c77000 	C:\Users\mabrchaouen\.p2\pool\plugins\org.eclipse.justj.openjdk.hotspot.jre.full.win32.x86_64_17.0.9.v20231028-0858\jre\bin\jli.dll
0x00007ffbe2950000 - 0x00007ffbe2aee000 	C:\Windows\System32\USER32.dll
0x00007ffbc0730000 - 0x00007ffbc09ca000 	C:\Windows\WinSxS\amd64_microsoft.windows.common-controls_6595b64144ccf1df_6.0.19041.1110_none_60b5254171f9507e\COMCTL32.dll
0x00007ffbe0ca0000 - 0x00007ffbe0cc2000 	C:\Windows\System32\win32u.dll
0x00007ffbe2c00000 - 0x00007ffbe2c2c000 	C:\Windows\System32\GDI32.dll
0x00007ffbe27a0000 - 0x00007ffbe283e000 	C:\Windows\System32\msvcrt.dll
0x00007ffbe0570000 - 0x00007ffbe068a000 	C:\Windows\System32\gdi32full.dll
0x00007ffbe0b70000 - 0x00007ffbe0c0d000 	C:\Windows\System32\msvcp_win.dll
0x00007ffbe1610000 - 0x00007ffbe1640000 	C:\Windows\System32\IMM32.DLL
0x00007ffbc82f0000 - 0x00007ffbc82fc000 	C:\Users\mabrchaouen\.p2\pool\plugins\org.eclipse.justj.openjdk.hotspot.jre.full.win32.x86_64_17.0.9.v20231028-0858\jre\bin\vcruntime140_1.dll
0x00007ffbb67d0000 - 0x00007ffbb685d000 	C:\Users\mabrchaouen\.p2\pool\plugins\org.eclipse.justj.openjdk.hotspot.jre.full.win32.x86_64_17.0.9.v20231028-0858\jre\bin\msvcp140.dll
0x00007ffb77d70000 - 0x00007ffb789d1000 	C:\Users\mabrchaouen\.p2\pool\plugins\org.eclipse.justj.openjdk.hotspot.jre.full.win32.x86_64_17.0.9.v20231028-0858\jre\bin\server\jvm.dll
0x00007ffbe2680000 - 0x00007ffbe272e000 	C:\Windows\System32\ADVAPI32.dll
0x00007ffbe2440000 - 0x00007ffbe24dc000 	C:\Windows\System32\sechost.dll
0x00007ffbe2550000 - 0x00007ffbe2676000 	C:\Windows\System32\RPCRT4.dll
0x00007ffbe01b0000 - 0x00007ffbe01fb000 	C:\Windows\SYSTEM32\POWRPROF.dll
0x00007ffbd9be0000 - 0x00007ffbd9be9000 	C:\Windows\SYSTEM32\WSOCK32.dll
0x00007ffbdae80000 - 0x00007ffbdae8a000 	C:\Windows\SYSTEM32\VERSION.dll
0x00007ffbe2730000 - 0x00007ffbe279b000 	C:\Windows\System32\WS2_32.dll
0x00007ffbc7f00000 - 0x00007ffbc7f27000 	C:\Windows\SYSTEM32\WINMM.dll
0x00007ffbe0190000 - 0x00007ffbe01a2000 	C:\Windows\SYSTEM32\UMPDC.dll
0x00007ffbde1e0000 - 0x00007ffbde1f2000 	C:\Windows\SYSTEM32\kernel.appcore.dll
0x00007ffbd4f10000 - 0x00007ffbd4f1a000 	C:\Users\mabrchaouen\.p2\pool\plugins\org.eclipse.justj.openjdk.hotspot.jre.full.win32.x86_64_17.0.9.v20231028-0858\jre\bin\jimage.dll
0x00007ffbd6010000 - 0x00007ffbd61f4000 	C:\Windows\SYSTEM32\DBGHELP.DLL
0x00007ffbc6480000 - 0x00007ffbc64b4000 	C:\Windows\SYSTEM32\dbgcore.DLL
0x00007ffbe0c10000 - 0x00007ffbe0c92000 	C:\Windows\System32\bcryptPrimitives.dll
0x00007ffbce540000 - 0x00007ffbce565000 	C:\Users\mabrchaouen\.p2\pool\plugins\org.eclipse.justj.openjdk.hotspot.jre.full.win32.x86_64_17.0.9.v20231028-0858\jre\bin\java.dll

dbghelp: loaded successfully - version: 4.0.5 - missing functions: none
symbol engine: initialized successfully - sym options: 0x614 - pdb path: .;C:\Users\mabrchaouen\.p2\pool\plugins\org.eclipse.justj.openjdk.hotspot.jre.full.win32.x86_64_17.0.9.v20231028-0858\jre\bin;C:\Windows\SYSTEM32;C:\Windows\WinSxS\amd64_microsoft.windows.common-controls_6595b64144ccf1df_6.0.19041.1110_none_60b5254171f9507e;C:\Users\mabrchaouen\.p2\pool\plugins\org.eclipse.justj.openjdk.hotspot.jre.full.win32.x86_64_17.0.9.v20231028-0858\jre\bin\server

VM Arguments:
jvm_args: -Dfile.encoding=UTF-8 -Dstdout.encoding=UTF-8 -Dstderr.encoding=UTF-8 --module-path=C:\Users\mabrchaouen\Desktop\S1-Salma-Log\JAVA\DirectChat\bin -XX:+ShowCodeDetailsInExceptionMessages -Djdk.module.main=DirectChat 
java_command: DirectChat/com.java.swing.Server
java_class_path (initial): <not set>
Launcher Type: SUN_STANDARD

[Global flags]
     intx CICompilerCount                          = 4                                         {product} {ergonomic}
     uint ConcGCThreads                            = 2                                         {product} {ergonomic}
     uint G1ConcRefinementThreads                  = 8                                         {product} {ergonomic}
   size_t G1HeapRegionSize                         = 1048576                                   {product} {ergonomic}
    uintx GCDrainStackTargetSize                   = 64                                        {product} {ergonomic}
   size_t InitialHeapSize                          = 132120576                                 {product} {ergonomic}
   size_t MarkStackSize                            = 4194304                                   {product} {ergonomic}
   size_t MaxHeapSize                              = 2097152000                                {product} {ergonomic}
   size_t MinHeapDeltaBytes                        = 1048576                                   {product} {ergonomic}
   size_t MinHeapSize                              = 8388608                                   {product} {ergonomic}
    uintx NonNMethodCodeHeapSize                   = 5839372                                {pd product} {ergonomic}
    uintx NonProfiledCodeHeapSize                  = 122909434                              {pd product} {ergonomic}
    uintx ProfiledCodeHeapSize                     = 122909434                              {pd product} {ergonomic}
    uintx ReservedCodeCacheSize                    = 251658240                              {pd product} {ergonomic}
     bool SegmentedCodeCache                       = true                                      {product} {ergonomic}
     bool ShowCodeDetailsInExceptionMessages       = true                                   {manageable} {command line}
   size_t SoftMaxHeapSize                          = 2097152000                             {manageable} {ergonomic}
     bool UseCompressedClassPointers               = true                           {product lp64_product} {ergonomic}
     bool UseCompressedOops                        = true                           {product lp64_product} {ergonomic}
     bool UseG1GC                                  = true                                      {product} {ergonomic}
     bool UseLargePagesIndividualAllocation        = false                                  {pd product} {ergonomic}

Logging:
Log output configuration:
 #0: stdout all=warning uptime,level,tags
 #1: stderr all=off uptime,level,tags

Environment Variables:
PATH=C:/Users/mabrchaouen/.p2/pool/plugins/org.eclipse.justj.openjdk.hotspot.jre.full.win32.x86_64_17.0.9.v20231028-0858/jre/bin/server;C:/Users/mabrchaouen/.p2/pool/plugins/org.eclipse.justj.openjdk.hotspot.jre.full.win32.x86_64_17.0.9.v20231028-0858/jre/bin;C:\Program Files\Common Files\Oracle\Java\javapath;C:\Windows\system32;C:\Windows;C:\Windows\System32\Wbem;C:\Windows\System32\WindowsPowerShell\v1.0\;C:\Windows\System32\OpenSSH\;C:\Users\mabrchaouen\AppData\Local\Programs\Python\Launcher\;C:\Program Files\MySQL\MySQL Shell 8.0\bin\;C:\Users\mabrchaouen\AppData\Local\Microsoft\WindowsApps;;C:\Users\mabrchaouen\AppData\Local\Programs\Microsoft VS Code\bin;C:\Users\mabrchaouen\Desktop;
USERNAME=mabrchaouen
OS=Windows_NT
PROCESSOR_IDENTIFIER=Intel64 Family 6 Model 142 Stepping 12, GenuineIntel
TMP=C:\Users\MABRCH~1\AppData\Local\Temp
TEMP=C:\Users\MABRCH~1\AppData\Local\Temp



Periodic native trim disabled


---------------  S Y S T E M  ---------------

OS:
 Windows 10 , 64 bit Build 19041 (10.0.19041.3393)
OS uptime: 15 days 5:14 hours

CPU: total 8 (initial active 8) (4 cores per cpu, 2 threads per core) family 6 model 142 stepping 12 microcode 0xf8, cx8, cmov, fxsr, ht, mmx, 3dnowpref, sse, sse2, sse3, ssse3, sse4.1, sse4.2, popcnt, lzcnt, tsc, tscinvbit, avx, avx2, aes, erms, clmul, bmi1, bmi2, adx, fma, vzeroupper, clflush, clflushopt
Processor Information for all 8 processors :
  Max Mhz: 1896, Current Mhz: 1596, Mhz Limit: 1592

Memory: 4k page, system-wide physical 7998M (634M free)
TotalPageFile size 23443M (AvailPageFile size 57M)
current process WorkingSet (physical memory assigned to process): 10M, peak: 10M
current process commit charge ("private bytes"): 60M, peak: 186M

vm_info: OpenJDK 64-Bit Server VM (17.0.9+9) for windows-amd64 JRE (17.0.9+9), built on Oct 26 2023 14:01:42 by "admin" with MS VC++ 16.10 / 16.11 (VS2019)

END.
